<?xml version="1.0" encoding="UTF-8" ?>

<testsuite failures="0" time="0.031" errors="0" skipped="0" tests="3" name="BasicTest">
  <testcase classname="BasicTest" name="aVeryImportantThingToTest" time="0.016">
      </testcase>
  <testcase classname="BasicTest" name="createAndRetrieveUser" time="0">
      </testcase>
  <testcase classname="BasicTest" name="createPost" time="0.015">
      </testcase>
</testsuite>
